0 info it worked if it ends with ok
1 verbose cli [ '/usr/bin/nodejs', '/usr/bin/npm', 'run-script', 'start' ]
2 info using npm@2.15.9
3 info using node@v4.6.1
4 verbose run-script [ 'prestart', 'start', 'poststart' ]
5 info prestart beer-chooser@1.0.0
6 verbose unsafe-perm in lifecycle true
7 info beer-chooser@1.0.0 Failed to exec prestart script
8 verbose stack Error: beer-chooser@1.0.0 prestart: `npm install`
8 verbose stack Exit status 1
8 verbose stack     at EventEmitter.<anonymous> (/usr/lib/node_modules/npm/lib/utils/lifecycle.js:217:16)
8 verbose stack     at emitTwo (events.js:87:13)
8 verbose stack     at EventEmitter.emit (events.js:172:7)
8 verbose stack     at ChildProcess.<anonymous> (/usr/lib/node_modules/npm/lib/utils/spawn.js:24:14)
8 verbose stack     at emitTwo (events.js:87:13)
8 verbose stack     at ChildProcess.emit (events.js:172:7)
8 verbose stack     at maybeClose (internal/child_process.js:829:16)
8 verbose stack     at Process.ChildProcess._handle.onexit (internal/child_process.js:211:5)
9 verbose pkgid beer-chooser@1.0.0
10 verbose cwd /home/katerina/inf/www/beer_selection
11 error Linux 4.4.0-38-generic
12 error argv "/usr/bin/nodejs" "/usr/bin/npm" "run-script" "start"
13 error node v4.6.1
14 error npm  v2.15.9
15 error code ELIFECYCLE
16 error beer-chooser@1.0.0 prestart: `npm install`
16 error Exit status 1
17 error Failed at the beer-chooser@1.0.0 prestart script 'npm install'.
17 error This is most likely a problem with the beer-chooser package,
17 error not with npm itself.
17 error Tell the author that this fails on your system:
17 error     npm install
17 error You can get information on how to open an issue for this project with:
17 error     npm bugs beer-chooser
17 error Or if that isn't available, you can get their info via:
17 error
17 error     npm owner ls beer-chooser
17 error There is likely additional logging output above.
18 verbose exit [ 1, true ]
